c:\users\jmlove\documents\visual studio 2010\projects\facilitycultures\facilitycultures\debug\facilities.obj
c:\users\jmlove\documents\visual studio 2010\projects\facilitycultures\facilitycultures\debug\functions.obj
c:\users\jmlove\documents\visual studio 2010\projects\facilitycultures\facilitycultures\debug\vc100.pdb
c:\users\jmlove\documents\visual studio 2010\projects\facilitycultures\debug\facilitycultures.ilk
c:\users\jmlove\documents\visual studio 2010\projects\facilitycultures\debug\facilitycultures.exe
c:\users\jmlove\documents\visual studio 2010\projects\facilitycultures\facilitycultures\debug\facilitycultures.exe.intermediate.manifest
c:\users\jmlove\documents\visual studio 2010\projects\facilitycultures\debug\facilitycultures.pdb
c:\users\jmlove\documents\visual studio 2010\projects\facilitycultures\facilitycultures\debug\vc140.pdb
c:\users\jmlove\documents\visual studio 2010\projects\facilitycultures\facilitycultures\debug\vc140.idb
c:\users\jmlove\documents\visual studio 2010\projects\facilitycultures\facilitycultures\debug\facilitycultures.vcxprojresolveassemblyreference.cache
c:\users\jmlove\documents\visual studio 2010\projects\facilitycultures\facilitycultures\debug\cl.command.1.tlog
c:\users\jmlove\documents\visual studio 2010\projects\facilitycultures\facilitycultures\debug\cl.read.1.tlog
c:\users\jmlove\documents\visual studio 2010\projects\facilitycultures\facilitycultures\debug\cl.write.1.tlog
c:\users\jmlove\documents\visual studio 2010\projects\facilitycultures\facilitycultures\debug\facilitycultures.write.1.tlog
c:\users\jmlove\documents\visual studio 2010\projects\facilitycultures\facilitycultures\debug\link.command.1.tlog
c:\users\jmlove\documents\visual studio 2010\projects\facilitycultures\facilitycultures\debug\link.read.1.tlog
c:\users\jmlove\documents\visual studio 2010\projects\facilitycultures\facilitycultures\debug\link.write.1.tlog
c:\users\jmlove\documents\visual studio 2010\projects\facilitycultures\facilitycultures\debug\mt.command.1.tlog
c:\users\jmlove\documents\visual studio 2010\projects\facilitycultures\facilitycultures\debug\mt.read.1.tlog
c:\users\jmlove\documents\visual studio 2010\projects\facilitycultures\facilitycultures\debug\mt.write.1.tlog
c:\users\jmlove\documents\visual studio 2010\projects\facilitycultures\facilitycultures\debug\vc100.idb
c:\users\jmlove\documents\visual studio 2010\projects\facilitycultures\facilitycultures\debug\facilitycultures.tlog\cl.command.1.tlog
c:\users\jmlove\documents\visual studio 2010\projects\facilitycultures\facilitycultures\debug\facilitycultures.tlog\cl.read.1.tlog
c:\users\jmlove\documents\visual studio 2010\projects\facilitycultures\facilitycultures\debug\facilitycultures.tlog\cl.write.1.tlog
c:\users\jmlove\documents\visual studio 2010\projects\facilitycultures\facilitycultures\debug\facilitycultures.tlog\link-cvtres.read.1.tlog
c:\users\jmlove\documents\visual studio 2010\projects\facilitycultures\facilitycultures\debug\facilitycultures.tlog\link-cvtres.write.1.tlog
c:\users\jmlove\documents\visual studio 2010\projects\facilitycultures\facilitycultures\debug\facilitycultures.tlog\link-rc.read.1.tlog
c:\users\jmlove\documents\visual studio 2010\projects\facilitycultures\facilitycultures\debug\facilitycultures.tlog\link-rc.write.1.tlog
c:\users\jmlove\documents\visual studio 2010\projects\facilitycultures\facilitycultures\debug\facilitycultures.tlog\link.command.1.tlog
c:\users\jmlove\documents\visual studio 2010\projects\facilitycultures\facilitycultures\debug\facilitycultures.tlog\link.read.1.tlog
c:\users\jmlove\documents\visual studio 2010\projects\facilitycultures\facilitycultures\debug\facilitycultures.tlog\link.write.1.tlog
