Build started 7/9/2015 3:39:53 PM.
     1>Project "C:\Users\jmlove\Documents\Visual Studio 2010\Projects\facilityCultures\facilityCultures\facilityCultures.vcxproj" on node 2 (build target(s)).
     1>InitializeBuildStatus:
         Creating "Debug\facilityCultures.unsuccessfulbuild" because "AlwaysCreate" was specified.
       ClCompile:
         c:\Program Files\Microsoft Visual Studio 10.0\VC\bin\CL.exe /c /ZI /nologo /W3 /WX- /Od /Oy- /D _MBCS /Gm /EHsc /RTC1 /MDd /GS /fp:precise /Zc:wchar_t /Zc:forScope /Fo"Debug\\" /Fd"Debug\vc100.pdb" /Gd /TP /analyze- /errorReport:prompt ..\facilities.cpp
         facilities.cpp
       Link:
         c:\Program Files\Microsoft Visual Studio 10.0\VC\bin\link.exe /ERRORREPORT:PROMPT /OUT:"C:\Users\jmlove\Documents\Visual Studio 2010\Projects\facilityCultures\Debug\facilityCultures.exe" /NOLOGO kernel32.lib user32.lib gdi32.lib winspool.lib comdlg32.lib advapi32.lib shell32.lib ole32.lib oleaut32.lib uuid.lib odbc32.lib odbccp32.lib /MANIFEST /ManifestFile:"Debug\facilityCultures.exe.intermediate.manifest" /MANIFESTUAC:"level='asInvoker' uiAccess='false'" /DEBUG /PDB:"C:\Users\jmlove\Documents\Visual Studio 2010\Projects\facilityCultures\Debug\facilityCultures.pdb" /TLBID:1 /DYNAMICBASE /NXCOMPAT /IMPLIB:"C:\Users\jmlove\Documents\Visual Studio 2010\Projects\facilityCultures\Debug\facilityCultures.lib" /MACHINE:X86 Debug\facilities.obj
         Debug\functions.obj
         LINK : C:\Users\jmlove\Documents\Visual Studio 2010\Projects\facilityCultures\Debug\facilityCultures.exe not found or not built by the last incremental link; performing full link
         facilityCultures.vcxproj -> C:\Users\jmlove\Documents\Visual Studio 2010\Projects\facilityCultures\Debug\facilityCultures.exe
       Manifest:
         C:\Program Files\Microsoft SDKs\Windows\v7.0A\bin\mt.exe /nologo /verbose /outputresource:"C:\Users\jmlove\Documents\Visual Studio 2010\Projects\facilityCultures\Debug\facilityCultures.exe;#1" /manifest Debug\facilityCultures.exe.intermediate.manifest
       FinalizeBuildStatus:
         Deleting file "Debug\facilityCultures.unsuccessfulbuild".
         Touching "Debug\facilityCultures.lastbuildstate".
     1>Done Building Project "C:\Users\jmlove\Documents\Visual Studio 2010\Projects\facilityCultures\facilityCultures\facilityCultures.vcxproj" (build target(s)).

Build succeeded.

Time Elapsed 00:00:02.72
